This file contains any messages produced by compilers while
running configure, to aid debugging if configure makes a mistake.

It was created by configure, which was
generated by GNU Autoconf 2.64.  Invocation command line was

  $ ./configure 

## --------- ##
## Platform. ##
## --------- ##

hostname = tung-ubuntu
uname -m = i686
uname -r = 2.6.31-17-generic
uname -s = Linux
uname -v = #54-Ubuntu SMP Thu Dec 10 16:20:31 UTC 2009

/usr/bin/uname -p = unknown
/bin/uname -X     = unknown

/bin/arch              = unknown
/usr/bin/arch -k       = unknown
/usr/convex/getsysinfo = unknown
/usr/bin/hostinfo      = unknown
/bin/machine           = unknown
/usr/bin/oslevel       = unknown
/bin/universe          = unknown

PATH: /usr/local/sbin
PATH: /usr/local/bin
PATH: /usr/sbin
PATH: /usr/bin
PATH: /sbin
PATH: /bin
PATH: /usr/games
PATH: /usr/lib/jvm/java-6-sun/bin


## ----------- ##
## Core tests. ##
## ----------- ##

configure:2377: checking for a BSD-compatible install
configure:2445: result: /usr/bin/install -c
configure:2456: checking whether build environment is sane
configure:2493: result: yes
configure:2518: checking for a thread-safe mkdir -p
configure:2557: result: /bin/mkdir -p
configure:2570: checking for gawk
configure:2600: result: no
configure:2570: checking for mawk
configure:2586: found /usr/bin/mawk
configure:2597: result: mawk
configure:2608: checking whether make sets $(MAKE)
configure:2630: result: yes
configure:2877: checking for g++
configure:2893: found /usr/bin/g++
configure:2904: result: g++
configure:2931: checking for C++ compiler version
configure:2940: g++ --version >&5
g++ (Ubuntu 4.4.1-4ubuntu8) 4.4.1
Copyright (C) 2009 Free Software Foundation, Inc.
This is free software; see the source for copying conditions.  There is NO
warranty; not even for MERCHANTABILITY or FITNESS FOR A PARTICULAR PURPOSE.

configure:2951: $? = 0
configure:2940: g++ -v >&5
Using built-in specs.
Target: i486-linux-gnu
Configured with: ../src/configure -v --with-pkgversion='Ubuntu 4.4.1-4ubuntu8' --with-bugurl=file:///usr/share/doc/gcc-4.4/README.Bugs --enable-languages=c,c++,fortran,objc,obj-c++ --prefix=/usr --enable-shared --enable-multiarch --enable-linker-build-id --with-system-zlib --libexecdir=/usr/lib --without-included-gettext --enable-threads=posix --with-gxx-include-dir=/usr/include/c++/4.4 --program-suffix=-4.4 --enable-nls --enable-clocale=gnu --enable-libstdcxx-debug --enable-objc-gc --enable-targets=all --disable-werror --with-arch-32=i486 --with-tune=generic --enable-checking=release --build=i486-linux-gnu --host=i486-linux-gnu --target=i486-linux-gnu
Thread model: posix
gcc version 4.4.1 (Ubuntu 4.4.1-4ubuntu8) 
configure:2951: $? = 0
configure:2940: g++ -V >&5
g++: '-V' option must have argument
configure:2951: $? = 1
configure:2940: g++ -qversion >&5
g++: unrecognized option '-qversion'
g++: no input files
configure:2951: $? = 1
configure:2973: checking for C++ compiler default output file name
configure:2995: g++    conftest.cpp  >&5
configure:2999: $? = 0
configure:3036: result: a.out
configure:3052: checking whether the C++ compiler works
configure:3061: ./a.out
configure:3065: $? = 0
configure:3080: result: yes
configure:3087: checking whether we are cross compiling
configure:3089: result: no
configure:3092: checking for suffix of executables
configure:3099: g++ -o conftest    conftest.cpp  >&5
configure:3103: $? = 0
configure:3125: result: 
configure:3131: checking for suffix of object files
configure:3153: g++ -c   conftest.cpp >&5
configure:3157: $? = 0
configure:3178: result: o
configure:3182: checking whether we are using the GNU C++ compiler
configure:3201: g++ -c   conftest.cpp >&5
configure:3201: $? = 0
configure:3210: result: yes
configure:3219: checking whether g++ accepts -g
configure:3239: g++ -c -g  conftest.cpp >&5
configure:3239: $? = 0
configure:3280: result: yes
configure:3314: checking for style of include used by make
configure:3342: result: GNU
configure:3367: checking dependency style of g++
configure:3458: result: gcc3
configure:3502: checking build system type
configure:3516: result: i686-pc-linux-gnu
configure:3536: checking host system type
configure:3549: result: i686-pc-linux-gnu
configure:3617: checking for gcc
configure:3633: found /usr/bin/gcc
configure:3644: result: gcc
configure:3873: checking for C compiler version
configure:3882: gcc --version >&5
gcc (Ubuntu 4.4.1-4ubuntu8) 4.4.1
Copyright (C) 2009 Free Software Foundation, Inc.
This is free software; see the source for copying conditions.  There is NO
warranty; not even for MERCHANTABILITY or FITNESS FOR A PARTICULAR PURPOSE.

configure:3893: $? = 0
configure:3882: gcc -v >&5
Using built-in specs.
Target: i486-linux-gnu
Configured with: ../src/configure -v --with-pkgversion='Ubuntu 4.4.1-4ubuntu8' --with-bugurl=file:///usr/share/doc/gcc-4.4/README.Bugs --enable-languages=c,c++,fortran,objc,obj-c++ --prefix=/usr --enable-shared --enable-multiarch --enable-linker-build-id --with-system-zlib --libexecdir=/usr/lib --without-included-gettext --enable-threads=posix --with-gxx-include-dir=/usr/include/c++/4.4 --program-suffix=-4.4 --enable-nls --enable-clocale=gnu --enable-libstdcxx-debug --enable-objc-gc --enable-targets=all --disable-werror --with-arch-32=i486 --with-tune=generic --enable-checking=release --build=i486-linux-gnu --host=i486-linux-gnu --target=i486-linux-gnu
Thread model: posix
gcc version 4.4.1 (Ubuntu 4.4.1-4ubuntu8) 
configure:3893: $? = 0
configure:3882: gcc -V >&5
gcc: '-V' option must have argument
configure:3893: $? = 1
configure:3882: gcc -qversion >&5
gcc: unrecognized option '-qversion'
gcc: no input files
configure:3893: $? = 1
configure:3897: checking whether we are using the GNU C compiler
configure:3916: gcc -c   conftest.c >&5
configure:3916: $? = 0
configure:3925: result: yes
configure:3934: checking whether gcc accepts -g
configure:3954: gcc -c -g  conftest.c >&5
configure:3954: $? = 0
configure:3995: result: yes
configure:4012: checking for gcc option to accept ISO C89
configure:4076: gcc  -c -g -O2  conftest.c >&5
configure:4076: $? = 0
configure:4089: result: none needed
configure:4111: checking dependency style of gcc
configure:4202: result: gcc3
configure:4217: checking for a sed that does not truncate output
configure:4281: result: /bin/sed
configure:4299: checking for grep that handles long lines and -e
configure:4357: result: /bin/grep
configure:4362: checking for egrep
configure:4424: result: /bin/grep -E
configure:4429: checking for fgrep
configure:4491: result: /bin/grep -F
configure:4526: checking for ld used by gcc
configure:4593: result: /usr/bin/ld
configure:4600: checking if the linker (/usr/bin/ld) is GNU ld
configure:4615: result: yes
configure:4627: checking for BSD- or MS-compatible name lister (nm)
configure:4676: result: /usr/bin/nm -B
configure:4794: checking the name lister (/usr/bin/nm -B) interface
configure:4801: g++ -c -g -O2  conftest.cpp >&5
configure:4804: /usr/bin/nm -B "conftest.o"
configure:4807: output
00000000 B some_variable
configure:4814: result: BSD nm
configure:4817: checking whether ln -s works
configure:4821: result: yes
configure:4829: checking the maximum length of command line arguments
configure:4949: result: 1572864
configure:4966: checking whether the shell understands some XSI constructs
configure:4976: result: yes
configure:4980: checking whether the shell understands "+="
configure:4986: result: yes
configure:5021: checking for /usr/bin/ld option to reload object files
configure:5028: result: -r
configure:5097: checking for objdump
configure:5113: found /usr/bin/objdump
configure:5124: result: objdump
configure:5156: checking how to recognize dependent libraries
configure:5352: result: pass_all
configure:5412: checking for ar
configure:5428: found /usr/bin/ar
configure:5439: result: ar
configure:5517: checking for strip
configure:5533: found /usr/bin/strip
configure:5544: result: strip
configure:5616: checking for ranlib
configure:5632: found /usr/bin/ranlib
configure:5643: result: ranlib
configure:5733: checking command to parse /usr/bin/nm -B output from gcc object
configure:5851: g++ -c -g -O2  conftest.cpp >&5
configure:5854: $? = 0
configure:5858: /usr/bin/nm -B conftest.o \| sed -n -e 's/^.*[	 ]\([ABCDGIRSTW][ABCDGIRSTW]*\)[	 ][	 ]*\([_A-Za-z][_A-Za-z0-9]*\)$/\1 \2 \2/p' \> conftest.nm
configure:5861: $? = 0
configure:5915: g++ -o conftest -g -O2   conftest.cpp conftstm.o >&5
configure:5918: $? = 0
configure:5956: result: ok
configure:6765: checking how to run the C preprocessor
configure:6796: gcc -E  conftest.c
configure:6796: $? = 0
configure:6810: gcc -E  conftest.c
conftest.c:11:28: error: ac_nonexistent.h: No such file or directory
configure:6810: $? = 1
configure: failed program was:
| /* confdefs.h */
| #define PACKAGE_NAME ""
| #define PACKAGE_TARNAME ""
| #define PACKAGE_VERSION ""
| #define PACKAGE_STRING ""
| #define PACKAGE_BUGREPORT ""
| #define PACKAGE_URL ""
| #define PACKAGE "pda"
| #define VERSION "0.6"
| /* end confdefs.h.  */
| #include <ac_nonexistent.h>
configure:6835: result: gcc -E
configure:6855: gcc -E  conftest.c
configure:6855: $? = 0
configure:6869: gcc -E  conftest.c
conftest.c:11:28: error: ac_nonexistent.h: No such file or directory
configure:6869: $? = 1
configure: failed program was:
| /* confdefs.h */
| #define PACKAGE_NAME ""
| #define PACKAGE_TARNAME ""
| #define PACKAGE_VERSION ""
| #define PACKAGE_STRING ""
| #define PACKAGE_BUGREPORT ""
| #define PACKAGE_URL ""
| #define PACKAGE "pda"
| #define VERSION "0.6"
| /* end confdefs.h.  */
| #include <ac_nonexistent.h>
configure:6898: checking for ANSI C header files
configure:6918: gcc -c -g -O2  conftest.c >&5
configure:6918: $? = 0
configure:6991: gcc -o conftest -g -O2   conftest.c  >&5
configure:6991: $? = 0
configure:6991: ./conftest
configure:6991: $? = 0
configure:7002: result: yes
configure:7015: checking for sys/types.h
configure:7015: gcc -c -g -O2  conftest.c >&5
configure:7015: $? = 0
configure:7015: result: yes
configure:7015: checking for sys/stat.h
configure:7015: gcc -c -g -O2  conftest.c >&5
configure:7015: $? = 0
configure:7015: result: yes
configure:7015: checking for stdlib.h
configure:7015: gcc -c -g -O2  conftest.c >&5
configure:7015: $? = 0
configure:7015: result: yes
configure:7015: checking for string.h
configure:7015: gcc -c -g -O2  conftest.c >&5
configure:7015: $? = 0
configure:7015: result: yes
configure:7015: checking for memory.h
configure:7015: gcc -c -g -O2  conftest.c >&5
configure:7015: $? = 0
configure:7015: result: yes
configure:7015: checking for strings.h
configure:7015: gcc -c -g -O2  conftest.c >&5
configure:7015: $? = 0
configure:7015: result: yes
configure:7015: checking for inttypes.h
configure:7015: gcc -c -g -O2  conftest.c >&5
configure:7015: $? = 0
configure:7015: result: yes
configure:7015: checking for stdint.h
configure:7015: gcc -c -g -O2  conftest.c >&5
configure:7015: $? = 0
configure:7015: result: yes
configure:7015: checking for unistd.h
configure:7015: gcc -c -g -O2  conftest.c >&5
configure:7015: $? = 0
configure:7015: result: yes
configure:7030: checking for dlfcn.h
configure:7030: gcc -c -g -O2  conftest.c >&5
configure:7030: $? = 0
configure:7030: result: yes
configure:7155: checking for C++ compiler version
configure:7164: g++ --version >&5
g++ (Ubuntu 4.4.1-4ubuntu8) 4.4.1
Copyright (C) 2009 Free Software Foundation, Inc.
This is free software; see the source for copying conditions.  There is NO
warranty; not even for MERCHANTABILITY or FITNESS FOR A PARTICULAR PURPOSE.

configure:7175: $? = 0
configure:7164: g++ -v >&5
Using built-in specs.
Target: i486-linux-gnu
Configured with: ../src/configure -v --with-pkgversion='Ubuntu 4.4.1-4ubuntu8' --with-bugurl=file:///usr/share/doc/gcc-4.4/README.Bugs --enable-languages=c,c++,fortran,objc,obj-c++ --prefix=/usr --enable-shared --enable-multiarch --enable-linker-build-id --with-system-zlib --libexecdir=/usr/lib --without-included-gettext --enable-threads=posix --with-gxx-include-dir=/usr/include/c++/4.4 --program-suffix=-4.4 --enable-nls --enable-clocale=gnu --enable-libstdcxx-debug --enable-objc-gc --enable-targets=all --disable-werror --with-arch-32=i486 --with-tune=generic --enable-checking=release --build=i486-linux-gnu --host=i486-linux-gnu --target=i486-linux-gnu
Thread model: posix
gcc version 4.4.1 (Ubuntu 4.4.1-4ubuntu8) 
configure:7175: $? = 0
configure:7164: g++ -V >&5
g++: '-V' option must have argument
configure:7175: $? = 1
configure:7164: g++ -qversion >&5
g++: unrecognized option '-qversion'
g++: no input files
configure:7175: $? = 1
configure:7179: checking whether we are using the GNU C++ compiler
configure:7207: result: yes
configure:7216: checking whether g++ accepts -g
configure:7277: result: yes
configure:7302: checking dependency style of g++
configure:7393: result: gcc3
configure:7416: checking how to run the C++ preprocessor
configure:7443: g++ -E  conftest.cpp
configure:7443: $? = 0
configure:7457: g++ -E  conftest.cpp
conftest.cpp:22:28: error: ac_nonexistent.h: No such file or directory
configure:7457: $? = 1
configure: failed program was:
| /* confdefs.h */
| #define PACKAGE_NAME ""
| #define PACKAGE_TARNAME ""
| #define PACKAGE_VERSION ""
| #define PACKAGE_STRING ""
| #define PACKAGE_BUGREPORT ""
| #define PACKAGE_URL ""
| #define PACKAGE "pda"
| #define VERSION "0.6"
| #define STDC_HEADERS 1
| #define HAVE_SYS_TYPES_H 1
| #define HAVE_SYS_STAT_H 1
| #define HAVE_STDLIB_H 1
| #define HAVE_STRING_H 1
| #define HAVE_MEMORY_H 1
| #define HAVE_STRINGS_H 1
| #define HAVE_INTTYPES_H 1
| #define HAVE_STDINT_H 1
| #define HAVE_UNISTD_H 1
| #define HAVE_DLFCN_H 1
| /* end confdefs.h.  */
| #include <ac_nonexistent.h>
configure:7482: result: g++ -E
configure:7502: g++ -E  conftest.cpp
configure:7502: $? = 0
configure:7516: g++ -E  conftest.cpp
conftest.cpp:22:28: error: ac_nonexistent.h: No such file or directory
configure:7516: $? = 1
configure: failed program was:
| /* confdefs.h */
| #define PACKAGE_NAME ""
| #define PACKAGE_TARNAME ""
| #define PACKAGE_VERSION ""
| #define PACKAGE_STRING ""
| #define PACKAGE_BUGREPORT ""
| #define PACKAGE_URL ""
| #define PACKAGE "pda"
| #define VERSION "0.6"
| #define STDC_HEADERS 1
| #define HAVE_SYS_TYPES_H 1
| #define HAVE_SYS_STAT_H 1
| #define HAVE_STDLIB_H 1
| #define HAVE_STRING_H 1
| #define HAVE_MEMORY_H 1
| #define HAVE_STRINGS_H 1
| #define HAVE_INTTYPES_H 1
| #define HAVE_STDINT_H 1
| #define HAVE_UNISTD_H 1
| #define HAVE_DLFCN_H 1
| /* end confdefs.h.  */
| #include <ac_nonexistent.h>
configure:7722: checking for objdir
configure:7737: result: .libs
configure:8029: checking if gcc supports -fno-rtti -fno-exceptions
configure:8047: gcc -c -g -O2  -fno-rtti -fno-exceptions conftest.c >&5
cc1: warning: command line option "-fno-rtti" is valid for C++/ObjC++ but not for C
configure:8051: $? = 0
configure:8064: result: no
configure:8084: checking for gcc option to produce PIC
configure:8356: result: -fPIC -DPIC
configure:8368: checking if gcc PIC flag -fPIC -DPIC works
configure:8386: gcc -c -g -O2  -fPIC -DPIC -DPIC conftest.c >&5
configure:8390: $? = 0
configure:8403: result: yes
configure:8427: checking if gcc static flag -static works
configure:8455: result: yes
configure:8470: checking if gcc supports -c -o file.o
configure:8491: gcc -c -g -O2  -o out/conftest2.o conftest.c >&5
configure:8495: $? = 0
configure:8517: result: yes
configure:8525: checking if gcc supports -c -o file.o
configure:8572: result: yes
configure:8605: checking whether the gcc linker (/usr/bin/ld) supports shared libraries
configure:9591: result: yes
configure:9628: checking whether -lc should be explicitly linked in
configure:9633: gcc -c -g -O2  conftest.c >&5
configure:9636: $? = 0
configure:9651: gcc -shared conftest.o  -v -Wl,-soname -Wl,conftest -o conftest 2\>\&1 \| /bin/grep  -lc  \>/dev/null 2\>\&1
configure:9654: $? = 0
configure:9666: result: no
configure:9830: checking dynamic linker characteristics
configure:10263: gcc -o conftest -g -O2   -Wl,-rpath -Wl,/foo conftest.c  >&5
configure:10263: $? = 0
configure:10481: result: GNU/Linux ld.so
configure:10583: checking how to hardcode library paths into programs
configure:10608: result: immediate
configure:11128: checking whether stripping libraries is possible
configure:11133: result: yes
configure:11168: checking if libtool supports shared libraries
configure:11170: result: yes
configure:11173: checking whether to build shared libraries
configure:11194: result: yes
configure:11197: checking whether to build static libraries
configure:11201: result: yes
configure:11351: checking for ld used by g++
configure:11418: result: /usr/bin/ld
configure:11425: checking if the linker (/usr/bin/ld) is GNU ld
configure:11440: result: yes
configure:11495: checking whether the g++ linker (/usr/bin/ld) supports shared libraries
configure:12408: result: yes
configure:12436: g++ -c -g -O2  conftest.cpp >&5
configure:12439: $? = 0
configure:12621: checking for g++ option to produce PIC
configure:12938: result: -fPIC -DPIC
configure:12947: checking if g++ PIC flag -fPIC -DPIC works
configure:12965: g++ -c -g -O2  -fPIC -DPIC -DPIC conftest.cpp >&5
configure:12969: $? = 0
configure:12982: result: yes
configure:13003: checking if g++ static flag -static works
configure:13031: result: yes
configure:13043: checking if g++ supports -c -o file.o
configure:13064: g++ -c -g -O2  -o out/conftest2.o conftest.cpp >&5
configure:13068: $? = 0
configure:13090: result: yes
configure:13095: checking if g++ supports -c -o file.o
configure:13142: result: yes
configure:13172: checking whether the g++ linker (/usr/bin/ld) supports shared libraries
configure:13198: result: yes
configure:13335: checking dynamic linker characteristics
configure:13716: g++ -o conftest -g -O2   -Wl,-rpath -Wl,/foo conftest.cpp  >&5
configure:13716: $? = 0
configure:13934: result: GNU/Linux ld.so
configure:13985: checking how to hardcode library paths into programs
configure:14010: result: immediate
configure:14189: creating ./config.status

## ---------------------- ##
## Running config.status. ##
## ---------------------- ##

This file was extended by config.status, which was
generated by GNU Autoconf 2.64.  Invocation command line was

  CONFIG_FILES    = 
  CONFIG_HEADERS  = 
  CONFIG_LINKS    = 
  CONFIG_COMMANDS = 
  $ ./config.status 

on tung-ubuntu

config.status:1127: creating Makefile
config.status:1127: creating src/Makefile
config.status:1127: creating src/lp/Makefile
config.status:1127: creating src/lp/bfp/Makefile
config.status:1127: creating src/lp/bfp/bfp_LUSOL/LUSOL/Makefile
config.status:1127: creating src/lp/bfp/bfp_LUSOL/Makefile
config.status:1127: creating src/lp/colamd/Makefile
config.status:1127: creating src/lp/shared/Makefile
config.status:1127: creating src/modeltest/Makefile
config.status:1127: creating src/ncl/Makefile
config.status:1127: creating config.h
config.status:1299: config.h is unchanged
config.status:1347: executing depfiles commands
config.status:1347: executing libtool commands

## ---------------- ##
## Cache variables. ##
## ---------------- ##

ac_cv_build=i686-pc-linux-gnu
ac_cv_c_compiler_gnu=yes
ac_cv_cxx_compiler_gnu=yes
ac_cv_env_CCC_set=
ac_cv_env_CCC_value=
ac_cv_env_CC_set=
ac_cv_env_CC_value=
ac_cv_env_CFLAGS_set=
ac_cv_env_CFLAGS_value=
ac_cv_env_CPPFLAGS_set=
ac_cv_env_CPPFLAGS_value=
ac_cv_env_CPP_set=
ac_cv_env_CPP_value=
ac_cv_env_CXXCPP_set=
ac_cv_env_CXXCPP_value=
ac_cv_env_CXXFLAGS_set=
ac_cv_env_CXXFLAGS_value=
ac_cv_env_CXX_set=
ac_cv_env_CXX_value=
ac_cv_env_LDFLAGS_set=
ac_cv_env_LDFLAGS_value=
ac_cv_env_LIBS_set=
ac_cv_env_LIBS_value=
ac_cv_env_build_alias_set=
ac_cv_env_build_alias_value=
ac_cv_env_host_alias_set=
ac_cv_env_host_alias_value=
ac_cv_env_target_alias_set=
ac_cv_env_target_alias_value=
ac_cv_header_dlfcn_h=yes
ac_cv_header_inttypes_h=yes
ac_cv_header_memory_h=yes
ac_cv_header_stdc=yes
ac_cv_header_stdint_h=yes
ac_cv_header_stdlib_h=yes
ac_cv_header_string_h=yes
ac_cv_header_strings_h=yes
ac_cv_header_sys_stat_h=yes
ac_cv_header_sys_types_h=yes
ac_cv_header_unistd_h=yes
ac_cv_host=i686-pc-linux-gnu
ac_cv_objext=o
ac_cv_path_EGREP='/bin/grep -E'
ac_cv_path_FGREP='/bin/grep -F'
ac_cv_path_GREP=/bin/grep
ac_cv_path_SED=/bin/sed
ac_cv_path_install='/usr/bin/install -c'
ac_cv_path_mkdir=/bin/mkdir
ac_cv_prog_AWK=mawk
ac_cv_prog_CPP='gcc -E'
ac_cv_prog_CXXCPP='g++ -E'
ac_cv_prog_ac_ct_AR=ar
ac_cv_prog_ac_ct_CC=gcc
ac_cv_prog_ac_ct_CXX=g++
ac_cv_prog_ac_ct_OBJDUMP=objdump
ac_cv_prog_ac_ct_RANLIB=ranlib
ac_cv_prog_ac_ct_STRIP=strip
ac_cv_prog_cc_c89=
ac_cv_prog_cc_g=yes
ac_cv_prog_cxx_g=yes
ac_cv_prog_make_make_set=yes
am_cv_CC_dependencies_compiler_type=gcc3
am_cv_CXX_dependencies_compiler_type=gcc3
lt_cv_deplibs_check_method=pass_all
lt_cv_file_magic_cmd='$MAGIC_CMD'
lt_cv_file_magic_test_file=
lt_cv_ld_reload_flag=-r
lt_cv_nm_interface='BSD nm'
lt_cv_objdir=.libs
lt_cv_path_LD=/usr/bin/ld
lt_cv_path_LDCXX=/usr/bin/ld
lt_cv_path_NM='/usr/bin/nm -B'
lt_cv_prog_compiler_c_o=yes
lt_cv_prog_compiler_c_o_CXX=yes
lt_cv_prog_compiler_pic_works=yes
lt_cv_prog_compiler_pic_works_CXX=yes
lt_cv_prog_compiler_rtti_exceptions=no
lt_cv_prog_compiler_static_works=yes
lt_cv_prog_compiler_static_works_CXX=yes
lt_cv_prog_gnu_ld=yes
lt_cv_prog_gnu_ldcxx=yes
lt_cv_sys_global_symbol_pipe='sed -n -e '\''s/^.*[	 ]\([ABCDGIRSTW][ABCDGIRSTW]*\)[	 ][	 ]*\([_A-Za-z][_A-Za-z0-9]*\)$/\1 \2 \2/p'\'''
lt_cv_sys_global_symbol_to_c_name_address='sed -n -e '\''s/^: \([^ ]*\) $/  {\"\1\", (void *) 0},/p'\'' -e '\''s/^[ABCDGIRSTW]* \([^ ]*\) \([^ ]*\)$/  {"\2", (void *) \&\2},/p'\'''
lt_cv_sys_global_symbol_to_c_name_address_lib_prefix='sed -n -e '\''s/^: \([^ ]*\) $/  {\"\1\", (void *) 0},/p'\'' -e '\''s/^[ABCDGIRSTW]* \([^ ]*\) \(lib[^ ]*\)$/  {"\2", (void *) \&\2},/p'\'' -e '\''s/^[ABCDGIRSTW]* \([^ ]*\) \([^ ]*\)$/  {"lib\2", (void *) \&\2},/p'\'''
lt_cv_sys_global_symbol_to_cdecl='sed -n -e '\''s/^T .* \(.*\)$/extern int \1();/p'\'' -e '\''s/^[ABCDGIRSTW]* .* \(.*\)$/extern char \1;/p'\'''
lt_cv_sys_max_cmd_len=1572864

## ----------------- ##
## Output variables. ##
## ----------------- ##

ACLOCAL='${SHELL} /home/tung/Kdevelop_Projects/iqpnni_new/trunk/missing --run aclocal-1.10'
AMDEPBACKSLASH='\'
AMDEP_FALSE='#'
AMDEP_TRUE=''
AMTAR='${SHELL} /home/tung/Kdevelop_Projects/iqpnni_new/trunk/missing --run tar'
AR='ar'
AUTOCONF='${SHELL} /home/tung/Kdevelop_Projects/iqpnni_new/trunk/missing --run autoconf'
AUTOHEADER='${SHELL} /home/tung/Kdevelop_Projects/iqpnni_new/trunk/missing --run autoheader'
AUTOMAKE='${SHELL} /home/tung/Kdevelop_Projects/iqpnni_new/trunk/missing --run automake-1.10'
AWK='mawk'
CC='gcc'
CCDEPMODE='depmode=gcc3'
CFLAGS='-g -O2'
CPP='gcc -E'
CPPFLAGS=''
CXX='g++'
CXXCPP='g++ -E'
CXXDEPMODE='depmode=gcc3'
CXXFLAGS='-g -O2'
CYGPATH_W='echo'
DEFS='-DHAVE_CONFIG_H'
DEPDIR='.deps'
DSYMUTIL=''
DUMPBIN=''
ECHO_C=''
ECHO_N='-n'
ECHO_T=''
EGREP='/bin/grep -E'
EXEEXT=''
FGREP='/bin/grep -F'
GREP='/bin/grep'
INSTALL_DATA='${INSTALL} -m 644'
INSTALL_PROGRAM='${INSTALL}'
INSTALL_SCRIPT='${INSTALL}'
INSTALL_STRIP_PROGRAM='$(install_sh) -c -s'
LD='/usr/bin/ld'
LDFLAGS=''
LIBOBJS=''
LIBS=''
LIBTOOL='$(SHELL) $(top_builddir)/libtool'
LIPO=''
LN_S='ln -s'
LTLIBOBJS=''
MAKEINFO='${SHELL} /home/tung/Kdevelop_Projects/iqpnni_new/trunk/missing --run makeinfo'
MKDIR_P='/bin/mkdir -p'
NM='/usr/bin/nm -B'
NMEDIT=''
OBJDUMP='objdump'
OBJEXT='o'
OTOOL64=''
OTOOL=''
PACKAGE='pda'
PACKAGE_BUGREPORT=''
PACKAGE_NAME=''
PACKAGE_STRING=''
PACKAGE_TARNAME=''
PACKAGE_URL=''
PACKAGE_VERSION=''
PATH_SEPARATOR=':'
RANLIB='ranlib'
SED='/bin/sed'
SET_MAKE=''
SHELL='/bin/bash'
STRIP='strip'
VERSION='0.6'
ac_ct_CC='gcc'
ac_ct_CXX='g++'
ac_ct_DUMPBIN=''
am__fastdepCC_FALSE='#'
am__fastdepCC_TRUE=''
am__fastdepCXX_FALSE='#'
am__fastdepCXX_TRUE=''
am__include='include'
am__isrc=''
am__leading_dot='.'
am__quote=''
am__tar='${AMTAR} chof - "$$tardir"'
am__untar='${AMTAR} xf -'
bindir='${exec_prefix}/bin'
build='i686-pc-linux-gnu'
build_alias=''
build_cpu='i686'
build_os='linux-gnu'
build_vendor='pc'
datadir='${datarootdir}'
datarootdir='${prefix}/share'
docdir='${datarootdir}/doc/${PACKAGE}'
dvidir='${docdir}'
exec_prefix='${prefix}'
host='i686-pc-linux-gnu'
host_alias=''
host_cpu='i686'
host_os='linux-gnu'
host_vendor='pc'
htmldir='${docdir}'
includedir='${prefix}/include'
infodir='${datarootdir}/info'
install_sh='$(SHELL) /home/tung/Kdevelop_Projects/iqpnni_new/trunk/install-sh'
libdir='${exec_prefix}/lib'
libexecdir='${exec_prefix}/libexec'
localedir='${datarootdir}/locale'
localstatedir='${prefix}/var'
lt_ECHO='echo'
mandir='${datarootdir}/man'
mkdir_p='/bin/mkdir -p'
oldincludedir='/usr/include'
pdfdir='${docdir}'
prefix='/usr/local'
program_transform_name='s,x,x,'
psdir='${docdir}'
sbindir='${exec_prefix}/sbin'
sharedstatedir='${prefix}/com'
sysconfdir='${prefix}/etc'
target_alias=''

## ----------- ##
## confdefs.h. ##
## ----------- ##

/* confdefs.h */
#define PACKAGE_NAME ""
#define PACKAGE_TARNAME ""
#define PACKAGE_VERSION ""
#define PACKAGE_STRING ""
#define PACKAGE_BUGREPORT ""
#define PACKAGE_URL ""
#define PACKAGE "pda"
#define VERSION "0.6"
#define STDC_HEADERS 1
#define HAVE_SYS_TYPES_H 1
#define HAVE_SYS_STAT_H 1
#define HAVE_STDLIB_H 1
#define HAVE_STRING_H 1
#define HAVE_MEMORY_H 1
#define HAVE_STRINGS_H 1
#define HAVE_INTTYPES_H 1
#define HAVE_STDINT_H 1
#define HAVE_UNISTD_H 1
#define HAVE_DLFCN_H 1
#define LT_OBJDIR ".libs/"

configure: exit 0
